2020-01-18 19:42:37.183  INFO macpk-wks-0172 --- [           main] .b.t.c.SpringBootTestContextBootstrapper : Neither @ContextConfiguration nor @ContextHierarchy found for test class [com.barco.auth.AuthApplicationTests], using SpringBootContextLoader
2020-01-18 19:42:37.197  INFO macpk-wks-0172 --- [           main] o.s.t.c.s.AbstractContextLoader          : Could not detect default resource locations for test class [com.barco.auth.AuthApplicationTests]: no resource found for suffixes {-context.xml, Context.groovy}.
2020-01-18 19:42:37.198  INFO macpk-wks-0172 --- [           main] t.c.s.AnnotationConfigContextLoaderUtils : Could not detect default configuration classes for test class [com.barco.auth.AuthApplicationTests]: AuthApplicationTests does not declare any static, non-private, non-final, nested classes annotated with @Configuration.
2020-01-18 19:42:37.306  INFO macpk-wks-0172 --- [           main] .b.t.c.SpringBootTestContextBootstrapper : Found @SpringBootConfiguration com.barco.auth.AuthApplication for test class com.barco.auth.AuthApplicationTests
2020-01-18 19:42:37.411  INFO macpk-wks-0172 --- [           main] .b.t.c.SpringBootTestContextBootstrapper : Loaded default TestExecutionListener class names from location [META-INF/spring.factories]: [org.springframework.boot.test.mock.mockito.MockitoTestExecutionListener, org.springframework.boot.test.mock.mockito.ResetMocksTestExecutionListener, org.springframework.boot.test.autoconfigure.restdocs.RestDocsTestExecutionListener, org.springframework.boot.test.autoconfigure.web.client.MockRestServiceServerResetTestExecutionListener, org.springframework.boot.test.autoconfigure.web.servlet.MockMvcPrintOnlyOnFailureTestExecutionListener, org.springframework.boot.test.autoconfigure.web.servlet.WebDriverTestExecutionListener, org.springframework.test.context.web.ServletTestExecutionListener, org.springframework.test.context.support.DirtiesContextBeforeModesTestExecutionListener, org.springframework.test.context.support.DependencyInjectionTestExecutionListener, org.springframework.test.context.support.DirtiesContextTestExecutionListener, org.springframework.test.context.transaction.TransactionalTestExecutionListener, org.springframework.test.context.jdbc.SqlScriptsTestExecutionListener, org.springframework.test.context.event.EventPublishingTestExecutionListener]
2020-01-18 19:42:37.430  INFO macpk-wks-0172 --- [           main] .b.t.c.SpringBootTestContextBootstrapper : Using TestExecutionListeners: [org.springframework.test.context.web.ServletTestExecutionListener@58fb7731, org.springframework.test.context.support.DirtiesContextBeforeModesTestExecutionListener@13e547a9, org.springframework.boot.test.mock.mockito.MockitoTestExecutionListener@3fb6cf60, org.springframework.boot.test.autoconfigure.SpringBootDependencyInjectionTestExecutionListener@37ddb69a, org.springframework.test.context.support.DirtiesContextTestExecutionListener@349c1daf, org.springframework.test.context.transaction.TransactionalTestExecutionListener@dfddc9a, org.springframework.test.context.jdbc.SqlScriptsTestExecutionListener@4b9df8a, org.springframework.test.context.event.EventPublishingTestExecutionListener@5e8ac0e1, org.springframework.boot.test.mock.mockito.ResetMocksTestExecutionListener@aafcffa, org.springframework.boot.test.autoconfigure.restdocs.RestDocsTestExecutionListener@6955cb39, org.springframework.boot.test.autoconfigure.web.client.MockRestServiceServerResetTestExecutionListener@235a0c16, org.springframework.boot.test.autoconfigure.web.servlet.MockMvcPrintOnlyOnFailureTestExecutionListener@2b5f4d54, org.springframework.boot.test.autoconfigure.web.servlet.WebDriverTestExecutionListener@5f7b97da]
2020-01-18 19:42:37.837  INFO macpk-wks-0172 --- [           main] c.b.a.AuthApplicationTests               : Starting AuthApplicationTests on macpk-wks-0172 with PID 6560 (started by Nabeel.Ahmed in C:\Users\Nabeel.Ahmed\Desktop\barco\auth)
2020-01-18 19:42:37.842 DEBUG macpk-wks-0172 --- [           main] c.b.a.AuthApplicationTests               : Running with Spring Boot v2.2.2.RELEASE, Spring v5.2.2.RELEASE
2020-01-18 19:42:37.842  INFO macpk-wks-0172 --- [           main] c.b.a.AuthApplicationTests               : No active profile set, falling back to default profiles: default
2020-01-18 19:42:39.168  INFO macpk-wks-0172 --- [           main] .s.d.r.c.RepositoryConfigurationDelegate : Bootstrapping Spring Data JPA repositories in DEFAULT mode.
2020-01-18 19:42:39.283  INFO macpk-wks-0172 --- [           main] .s.d.r.c.RepositoryConfigurationDelegate : Finished Spring Data repository scanning in 107ms. Found 5 JPA repository interfaces.
2020-01-18 19:42:39.862  INFO macpk-wks-0172 --- [           main] trationDelegate$BeanPostProcessorChecker : Bean 'org.springframework.transaction.annotation.ProxyTransactionManagementConfiguration' of type [org.springframework.transaction.annotation.ProxyTransactionManagementConfiguration] is not eligible for getting processed by all BeanPostProcessors (for example: not eligible for auto-proxying)
2020-01-18 19:42:39.917  INFO macpk-wks-0172 --- [           main] trationDelegate$BeanPostProcessorChecker : Bean 'org.springframework.security.config.annotation.configuration.ObjectPostProcessorConfiguration' of type [org.springframework.security.config.annotation.configuration.ObjectPostProcessorConfiguration] is not eligible for getting processed by all BeanPostProcessors (for example: not eligible for auto-proxying)
2020-01-18 19:42:39.926  INFO macpk-wks-0172 --- [           main] trationDelegate$BeanPostProcessorChecker : Bean 'objectPostProcessor' of type [org.springframework.security.config.annotation.configuration.AutowireBeanFactoryObjectPostProcessor] is not eligible for getting processed by all BeanPostProcessors (for example: not eligible for auto-proxying)
2020-01-18 19:42:39.928  INFO macpk-wks-0172 --- [           main] trationDelegate$BeanPostProcessorChecker : Bean 'org.springframework.security.access.expression.method.DefaultMethodSecurityExpressionHandler@5b40de43' of type [org.springframework.security.access.expression.method.DefaultMethodSecurityExpressionHandler] is not eligible for getting processed by all BeanPostProcessors (for example: not eligible for auto-proxying)
2020-01-18 19:42:39.938  INFO macpk-wks-0172 --- [           main] trationDelegate$BeanPostProcessorChecker : Bean 'org.springframework.security.config.annotation.method.configuration.GlobalMethodSecurityConfiguration' of type [org.springframework.security.config.annotation.method.configuration.GlobalMethodSecurityConfiguration] is not eligible for getting processed by all BeanPostProcessors (for example: not eligible for auto-proxying)
2020-01-18 19:42:39.948  INFO macpk-wks-0172 --- [           main] trationDelegate$BeanPostProcessorChecker : Bean 'methodSecurityMetadataSource' of type [org.springframework.security.access.method.DelegatingMethodSecurityMetadataSource] is not eligible for getting processed by all BeanPostProcessors (for example: not eligible for auto-proxying)
2020-01-18 19:42:40.315  INFO macpk-wks-0172 --- [           main] o.h.j.i.u.LogHelper                      : HHH000204: Processing PersistenceUnitInfo [name: default]
2020-01-18 19:42:40.419  INFO macpk-wks-0172 --- [           main] o.h.Version                              : HHH000412: Hibernate Core {5.4.9.Final}
2020-01-18 19:42:40.663  INFO macpk-wks-0172 --- [           main] o.h.a.c.Version                          : HCANN000001: Hibernate Commons Annotations {5.1.0.Final}
2020-01-18 19:42:40.797  INFO macpk-wks-0172 --- [           main] o.h.d.Dialect                            : HHH000400: Using dialect: org.hibernate.dialect.PostgreSQLDialect
2020-01-18 19:42:41.808  INFO macpk-wks-0172 --- [           main] c.z.h.HikariDataSource                   : HikariPool-1 - Starting...
2020-01-18 19:42:41.966  INFO macpk-wks-0172 --- [           main] c.z.h.HikariDataSource                   : HikariPool-1 - Start completed.
2020-01-18 19:42:43.411  INFO macpk-wks-0172 --- [           main] o.h.e.t.j.p.i.JtaPlatformInitiator       : HHH000490: Using JtaPlatform implementation: [org.hibernate.engine.transaction.jta.platform.internal.NoJtaPlatform]
2020-01-18 19:42:43.419  INFO macpk-wks-0172 --- [           main] j.LocalContainerEntityManagerFactoryBean : Initialized JPA EntityManagerFactory for persistence unit 'default'
2020-01-18 19:42:44.323  WARN macpk-wks-0172 --- [           main] JpaBaseConfiguration$JpaWebConfiguration : spring.jpa.open-in-view is enabled by default. Therefore, database queries may be performed during view rendering. Explicitly configure spring.jpa.open-in-view to disable this warning
2020-01-18 19:42:45.220  INFO macpk-wks-0172 --- [           main] pertySourcedRequestMappingHandlerMapping : Mapped URL path [/v2/api-docs] onto method [springfox.documentation.swagger2.web.Swagger2Controller#getDocumentation(String, HttpServletRequest)]
2020-01-18 19:42:45.881  INFO macpk-wks-0172 --- [           main] o.s.s.w.DefaultSecurityFilterChain       : Creating filter chain: any request, [org.springframework.security.web.context.request.async.WebAsyncManagerIntegrationFilter@55315a00, org.springframework.security.web.context.SecurityContextPersistenceFilter@3c6fc4cd, org.springframework.security.web.header.HeaderWriterFilter@443ac5b8, org.springframework.web.filter.CorsFilter@4942e6af, org.springframework.security.web.authentication.logout.LogoutFilter@776a3365, com.barco.auth.filter.TokenAuthenticationFilter@54033a65, org.springframework.security.web.savedrequest.RequestCacheAwareFilter@56193e3a, org.springframework.security.web.servletapi.SecurityContextHolderAwareRequestFilter@1237cade, org.springframework.security.web.authentication.AnonymousAuthenticationFilter@73a1a1b4, org.springframework.security.web.session.SessionManagementFilter@24f2608b, org.springframework.security.web.access.ExceptionTranslationFilter@7865cc83, org.springframework.security.web.access.intercept.FilterSecurityInterceptor@495f7ca4]
2020-01-18 19:42:45.958  INFO macpk-wks-0172 --- [           main] c.b.c.c.CommonConfig                     : +================RestTemplate-Start====================+
2020-01-18 19:42:46.205  INFO macpk-wks-0172 --- [           main] c.b.c.c.CommonConfig                     : +================RestTemplate-End====================+
2020-01-18 19:42:46.228  INFO macpk-wks-0172 --- [           main] c.b.c.m.a.e.AsyncDALTaskExecutor         : >============AsyncDALTaskExecutor Start Successful============<
2020-01-18 19:42:46.229  INFO macpk-wks-0172 --- [           main] c.b.c.m.a.e.AsyncDALTaskExecutor         : >============AsyncDALTaskExecutor End Successful============<
2020-01-18 19:42:46.510  INFO macpk-wks-0172 --- [           main] o.s.s.c.ThreadPoolTaskExecutor           : Initializing ExecutorService 'applicationTaskExecutor'
2020-01-18 19:42:46.915  INFO macpk-wks-0172 --- [           main] d.s.w.p.DocumentationPluginsBootstrapper : Context refreshed
2020-01-18 19:42:46.948  INFO macpk-wks-0172 --- [           main] d.s.w.p.DocumentationPluginsBootstrapper : Found 1 custom documentation plugin(s)
2020-01-18 19:42:46.995  INFO macpk-wks-0172 --- [           main] s.d.s.w.s.ApiListingReferenceScanner     : Scanning for api listing references
2020-01-18 19:42:47.159  INFO macpk-wks-0172 --- [           main] c.b.a.AuthApplicationTests               : Started AuthApplicationTests in 9.68 seconds (JVM running for 11.946)
2020-01-18 19:42:47.353  INFO macpk-wks-0172 --- [extShutdownHook] o.s.s.c.ThreadPoolTaskExecutor           : Shutting down ExecutorService 'applicationTaskExecutor'
2020-01-18 19:42:47.358  INFO macpk-wks-0172 --- [extShutdownHook] j.LocalContainerEntityManagerFactoryBean : Closing JPA EntityManagerFactory for persistence unit 'default'
2020-01-18 19:42:47.361  INFO macpk-wks-0172 --- [extShutdownHook] c.z.h.HikariDataSource                   : HikariPool-1 - Shutdown initiated...
2020-01-18 19:42:47.369  INFO macpk-wks-0172 --- [extShutdownHook] c.z.h.HikariDataSource                   : HikariPool-1 - Shutdown completed.
2020-01-18 20:37:33.933  INFO macpk-wks-0172 --- [           main] .b.t.c.SpringBootTestContextBootstrapper : Neither @ContextConfiguration nor @ContextHierarchy found for test class [com.barco.auth.AuthApplicationTests], using SpringBootContextLoader
2020-01-18 20:37:33.947  INFO macpk-wks-0172 --- [           main] o.s.t.c.s.AbstractContextLoader          : Could not detect default resource locations for test class [com.barco.auth.AuthApplicationTests]: no resource found for suffixes {-context.xml, Context.groovy}.
2020-01-18 20:37:33.949  INFO macpk-wks-0172 --- [           main] t.c.s.AnnotationConfigContextLoaderUtils : Could not detect default configuration classes for test class [com.barco.auth.AuthApplicationTests]: AuthApplicationTests does not declare any static, non-private, non-final, nested classes annotated with @Configuration.
2020-01-18 20:37:34.073  INFO macpk-wks-0172 --- [           main] .b.t.c.SpringBootTestContextBootstrapper : Found @SpringBootConfiguration com.barco.auth.AuthApplication for test class com.barco.auth.AuthApplicationTests
2020-01-18 20:37:34.187  INFO macpk-wks-0172 --- [           main] .b.t.c.SpringBootTestContextBootstrapper : Loaded default TestExecutionListener class names from location [META-INF/spring.factories]: [org.springframework.boot.test.mock.mockito.MockitoTestExecutionListener, org.springframework.boot.test.mock.mockito.ResetMocksTestExecutionListener, org.springframework.boot.test.autoconfigure.restdocs.RestDocsTestExecutionListener, org.springframework.boot.test.autoconfigure.web.client.MockRestServiceServerResetTestExecutionListener, org.springframework.boot.test.autoconfigure.web.servlet.MockMvcPrintOnlyOnFailureTestExecutionListener, org.springframework.boot.test.autoconfigure.web.servlet.WebDriverTestExecutionListener, org.springframework.test.context.web.ServletTestExecutionListener, org.springframework.test.context.support.DirtiesContextBeforeModesTestExecutionListener, org.springframework.test.context.support.DependencyInjectionTestExecutionListener, org.springframework.test.context.support.DirtiesContextTestExecutionListener, org.springframework.test.context.transaction.TransactionalTestExecutionListener, org.springframework.test.context.jdbc.SqlScriptsTestExecutionListener, org.springframework.test.context.event.EventPublishingTestExecutionListener]
2020-01-18 20:37:34.207  INFO macpk-wks-0172 --- [           main] .b.t.c.SpringBootTestContextBootstrapper : Using TestExecutionListeners: [org.springframework.test.context.web.ServletTestExecutionListener@56aaaecd, org.springframework.test.context.support.DirtiesContextBeforeModesTestExecutionListener@522a32b1, org.springframework.boot.test.mock.mockito.MockitoTestExecutionListener@35390ee3, org.springframework.boot.test.autoconfigure.SpringBootDependencyInjectionTestExecutionListener@5e01a982, org.springframework.test.context.support.DirtiesContextTestExecutionListener@5ddea849, org.springframework.test.context.transaction.TransactionalTestExecutionListener@5ee2b6f9, org.springframework.test.context.jdbc.SqlScriptsTestExecutionListener@23d1e5d0, org.springframework.test.context.event.EventPublishingTestExecutionListener@704f1591, org.springframework.boot.test.mock.mockito.ResetMocksTestExecutionListener@58fb7731, org.springframework.boot.test.autoconfigure.restdocs.RestDocsTestExecutionListener@13e547a9, org.springframework.boot.test.autoconfigure.web.client.MockRestServiceServerResetTestExecutionListener@3fb6cf60, org.springframework.boot.test.autoconfigure.web.servlet.MockMvcPrintOnlyOnFailureTestExecutionListener@37ddb69a, org.springframework.boot.test.autoconfigure.web.servlet.WebDriverTestExecutionListener@349c1daf]
2020-01-18 20:37:34.605  INFO macpk-wks-0172 --- [           main] c.b.a.AuthApplicationTests               : Starting AuthApplicationTests on macpk-wks-0172 with PID 14004 (started by Nabeel.Ahmed in C:\Users\Nabeel.Ahmed\Desktop\barco\auth)
2020-01-18 20:37:34.609 DEBUG macpk-wks-0172 --- [           main] c.b.a.AuthApplicationTests               : Running with Spring Boot v2.2.2.RELEASE, Spring v5.2.2.RELEASE
2020-01-18 20:37:34.609  INFO macpk-wks-0172 --- [           main] c.b.a.AuthApplicationTests               : No active profile set, falling back to default profiles: default
2020-01-18 20:37:35.875  INFO macpk-wks-0172 --- [           main] .s.d.r.c.RepositoryConfigurationDelegate : Bootstrapping Spring Data JPA repositories in DEFAULT mode.
2020-01-18 20:37:36.019  INFO macpk-wks-0172 --- [           main] .s.d.r.c.RepositoryConfigurationDelegate : Finished Spring Data repository scanning in 127ms. Found 5 JPA repository interfaces.
2020-01-18 20:37:36.620  INFO macpk-wks-0172 --- [           main] trationDelegate$BeanPostProcessorChecker : Bean 'org.springframework.transaction.annotation.ProxyTransactionManagementConfiguration' of type [org.springframework.transaction.annotation.ProxyTransactionManagementConfiguration] is not eligible for getting processed by all BeanPostProcessors (for example: not eligible for auto-proxying)
2020-01-18 20:37:36.679  INFO macpk-wks-0172 --- [           main] trationDelegate$BeanPostProcessorChecker : Bean 'org.springframework.security.config.annotation.configuration.ObjectPostProcessorConfiguration' of type [org.springframework.security.config.annotation.configuration.ObjectPostProcessorConfiguration] is not eligible for getting processed by all BeanPostProcessors (for example: not eligible for auto-proxying)
2020-01-18 20:37:36.691  INFO macpk-wks-0172 --- [           main] trationDelegate$BeanPostProcessorChecker : Bean 'objectPostProcessor' of type [org.springframework.security.config.annotation.configuration.AutowireBeanFactoryObjectPostProcessor] is not eligible for getting processed by all BeanPostProcessors (for example: not eligible for auto-proxying)
2020-01-18 20:37:36.692  INFO macpk-wks-0172 --- [           main] trationDelegate$BeanPostProcessorChecker : Bean 'org.springframework.security.access.expression.method.DefaultMethodSecurityExpressionHandler@1c52552f' of type [org.springframework.security.access.expression.method.DefaultMethodSecurityExpressionHandler] is not eligible for getting processed by all BeanPostProcessors (for example: not eligible for auto-proxying)
2020-01-18 20:37:36.707  INFO macpk-wks-0172 --- [           main] trationDelegate$BeanPostProcessorChecker : Bean 'org.springframework.security.config.annotation.method.configuration.GlobalMethodSecurityConfiguration' of type [org.springframework.security.config.annotation.method.configuration.GlobalMethodSecurityConfiguration] is not eligible for getting processed by all BeanPostProcessors (for example: not eligible for auto-proxying)
2020-01-18 20:37:36.720  INFO macpk-wks-0172 --- [           main] trationDelegate$BeanPostProcessorChecker : Bean 'methodSecurityMetadataSource' of type [org.springframework.security.access.method.DelegatingMethodSecurityMetadataSource] is not eligible for getting processed by all BeanPostProcessors (for example: not eligible for auto-proxying)
2020-01-18 20:37:37.034  INFO macpk-wks-0172 --- [           main] o.h.j.i.u.LogHelper                      : HHH000204: Processing PersistenceUnitInfo [name: default]
2020-01-18 20:37:37.167  INFO macpk-wks-0172 --- [           main] o.h.Version                              : HHH000412: Hibernate Core {5.4.9.Final}
2020-01-18 20:37:37.379  INFO macpk-wks-0172 --- [           main] o.h.a.c.Version                          : HCANN000001: Hibernate Commons Annotations {5.1.0.Final}
2020-01-18 20:37:37.549  INFO macpk-wks-0172 --- [           main] o.h.d.Dialect                            : HHH000400: Using dialect: org.hibernate.dialect.PostgreSQLDialect
2020-01-18 20:37:38.530  INFO macpk-wks-0172 --- [           main] c.z.h.HikariDataSource                   : HikariPool-1 - Starting...
2020-01-18 20:37:38.637  INFO macpk-wks-0172 --- [           main] c.z.h.HikariDataSource                   : HikariPool-1 - Start completed.
2020-01-18 20:37:38.857  INFO macpk-wks-0172 --- [           main] o.h.e.t.j.p.i.JtaPlatformInitiator       : HHH000490: Using JtaPlatform implementation: [org.hibernate.engine.transaction.jta.platform.internal.NoJtaPlatform]
2020-01-18 20:37:38.868  INFO macpk-wks-0172 --- [           main] j.LocalContainerEntityManagerFactoryBean : Initialized JPA EntityManagerFactory for persistence unit 'default'
2020-01-18 20:37:40.021  WARN macpk-wks-0172 --- [           main] JpaBaseConfiguration$JpaWebConfiguration : spring.jpa.open-in-view is enabled by default. Therefore, database queries may be performed during view rendering. Explicitly configure spring.jpa.open-in-view to disable this warning
2020-01-18 20:37:40.969  INFO macpk-wks-0172 --- [           main] pertySourcedRequestMappingHandlerMapping : Mapped URL path [/v2/api-docs] onto method [springfox.documentation.swagger2.web.Swagger2Controller#getDocumentation(String, HttpServletRequest)]
2020-01-18 20:37:41.619  INFO macpk-wks-0172 --- [           main] o.s.s.w.DefaultSecurityFilterChain       : Creating filter chain: any request, [org.springframework.security.web.context.request.async.WebAsyncManagerIntegrationFilter@669daa93, org.springframework.security.web.context.SecurityContextPersistenceFilter@713497cd, org.springframework.security.web.header.HeaderWriterFilter@6556471b, org.springframework.web.filter.CorsFilter@39a30d1a, org.springframework.security.web.authentication.logout.LogoutFilter@560be8c0, com.barco.auth.filter.TokenAuthenticationFilter@1e36baca, org.springframework.security.web.savedrequest.RequestCacheAwareFilter@19e5e110, org.springframework.security.web.servletapi.SecurityContextHolderAwareRequestFilter@b2e1df3, org.springframework.security.web.authentication.AnonymousAuthenticationFilter@670ae31f, org.springframework.security.web.session.SessionManagementFilter@443ac5b8, org.springframework.security.web.access.ExceptionTranslationFilter@1d0f7bcf, org.springframework.security.web.access.intercept.FilterSecurityInterceptor@65698020]
2020-01-18 20:37:41.688  INFO macpk-wks-0172 --- [           main] c.b.c.c.CommonConfig                     : +================RestTemplate-Start====================+
2020-01-18 20:37:41.993  INFO macpk-wks-0172 --- [           main] c.b.c.c.CommonConfig                     : +================RestTemplate-End====================+
2020-01-18 20:37:42.035  INFO macpk-wks-0172 --- [           main] c.b.c.m.a.e.AsyncDALTaskExecutor         : >============AsyncDALTaskExecutor Start Successful============<
2020-01-18 20:37:42.036  INFO macpk-wks-0172 --- [           main] c.b.c.m.a.e.AsyncDALTaskExecutor         : >============AsyncDALTaskExecutor End Successful============<
2020-01-18 20:37:42.473  INFO macpk-wks-0172 --- [           main] o.s.s.c.ThreadPoolTaskExecutor           : Initializing ExecutorService 'applicationTaskExecutor'
2020-01-18 20:37:42.932  INFO macpk-wks-0172 --- [           main] d.s.w.p.DocumentationPluginsBootstrapper : Context refreshed
2020-01-18 20:37:42.967  INFO macpk-wks-0172 --- [           main] d.s.w.p.DocumentationPluginsBootstrapper : Found 1 custom documentation plugin(s)
2020-01-18 20:37:43.019  INFO macpk-wks-0172 --- [           main] s.d.s.w.s.ApiListingReferenceScanner     : Scanning for api listing references
2020-01-18 20:37:43.167  INFO macpk-wks-0172 --- [           main] c.b.a.AuthApplicationTests               : Started AuthApplicationTests in 8.904 seconds (JVM running for 11.07)
2020-01-18 20:37:43.593  INFO macpk-wks-0172 --- [extShutdownHook] o.s.s.c.ThreadPoolTaskExecutor           : Shutting down ExecutorService 'applicationTaskExecutor'
2020-01-18 20:37:43.599  INFO macpk-wks-0172 --- [extShutdownHook] j.LocalContainerEntityManagerFactoryBean : Closing JPA EntityManagerFactory for persistence unit 'default'
2020-01-18 20:37:43.602  INFO macpk-wks-0172 --- [extShutdownHook] c.z.h.HikariDataSource                   : HikariPool-1 - Shutdown initiated...
2020-01-18 20:37:43.611  INFO macpk-wks-0172 --- [extShutdownHook] c.z.h.HikariDataSource                   : HikariPool-1 - Shutdown completed.
