2020-01-28 01:02:26.228  INFO macpk-wks-0172 --- [           main] c.b.a.AuthApplication                    : Starting AuthApplication on macpk-wks-0172 with PID 296680 (C:\Users\Nabeel.Ahmed\Desktop\barco\auth\target\classes started by Nabeel.Ahmed in C:\Users\Nabeel.Ahmed\Desktop\barco\auth)
2020-01-28 01:02:26.306 DEBUG macpk-wks-0172 --- [           main] c.b.a.AuthApplication                    : Running with Spring Boot v2.2.2.RELEASE, Spring v5.2.2.RELEASE
2020-01-28 01:02:26.321  INFO macpk-wks-0172 --- [           main] c.b.a.AuthApplication                    : No active profile set, falling back to default profiles: default
2020-01-28 01:02:30.478  INFO macpk-wks-0172 --- [           main] .s.d.r.c.RepositoryConfigurationDelegate : Bootstrapping Spring Data JPA repositories in DEFAULT mode.
2020-01-28 01:02:30.664  INFO macpk-wks-0172 --- [           main] .s.d.r.c.RepositoryConfigurationDelegate : Finished Spring Data repository scanning in 160ms. Found 5 JPA repository interfaces.
2020-01-28 01:02:31.578  INFO macpk-wks-0172 --- [           main] trationDelegate$BeanPostProcessorChecker : Bean 'org.springframework.transaction.annotation.ProxyTransactionManagementConfiguration' of type [org.springframework.transaction.annotation.ProxyTransactionManagementConfiguration] is not eligible for getting processed by all BeanPostProcessors (for example: not eligible for auto-proxying)
2020-01-28 01:02:31.679  INFO macpk-wks-0172 --- [           main] trationDelegate$BeanPostProcessorChecker : Bean 'org.springframework.security.config.annotation.configuration.ObjectPostProcessorConfiguration' of type [org.springframework.security.config.annotation.configuration.ObjectPostProcessorConfiguration] is not eligible for getting processed by all BeanPostProcessors (for example: not eligible for auto-proxying)
2020-01-28 01:02:31.685  INFO macpk-wks-0172 --- [           main] trationDelegate$BeanPostProcessorChecker : Bean 'objectPostProcessor' of type [org.springframework.security.config.annotation.configuration.AutowireBeanFactoryObjectPostProcessor] is not eligible for getting processed by all BeanPostProcessors (for example: not eligible for auto-proxying)
2020-01-28 01:02:31.687  INFO macpk-wks-0172 --- [           main] trationDelegate$BeanPostProcessorChecker : Bean 'org.springframework.security.access.expression.method.DefaultMethodSecurityExpressionHandler@380ce5a3' of type [org.springframework.security.access.expression.method.DefaultMethodSecurityExpressionHandler] is not eligible for getting processed by all BeanPostProcessors (for example: not eligible for auto-proxying)
2020-01-28 01:02:31.688  INFO macpk-wks-0172 --- [           main] trationDelegate$BeanPostProcessorChecker : Bean 'org.springframework.security.config.annotation.method.configuration.GlobalMethodSecurityConfiguration' of type [org.springframework.security.config.annotation.method.configuration.GlobalMethodSecurityConfiguration] is not eligible for getting processed by all BeanPostProcessors (for example: not eligible for auto-proxying)
2020-01-28 01:02:31.694  INFO macpk-wks-0172 --- [           main] trationDelegate$BeanPostProcessorChecker : Bean 'methodSecurityMetadataSource' of type [org.springframework.security.access.method.DelegatingMethodSecurityMetadataSource] is not eligible for getting processed by all BeanPostProcessors (for example: not eligible for auto-proxying)
2020-01-28 01:02:32.389  INFO macpk-wks-0172 --- [           main] o.s.b.w.e.t.TomcatWebServer              : Tomcat initialized with port(s): 8085 (http)
2020-01-28 01:02:32.426  INFO macpk-wks-0172 --- [           main] o.a.c.h.Http11NioProtocol                : Initializing ProtocolHandler ["http-nio-8085"]
2020-01-28 01:02:32.428  INFO macpk-wks-0172 --- [           main] o.a.c.c.StandardService                  : Starting service [Tomcat]
2020-01-28 01:02:32.429  INFO macpk-wks-0172 --- [           main] o.a.c.c.StandardEngine                   : Starting Servlet engine: [Apache Tomcat/9.0.29]
2020-01-28 01:02:33.100  INFO macpk-wks-0172 --- [           main] o.a.c.c.C.[.[.[/]                        : Initializing Spring embedded WebApplicationContext
2020-01-28 01:02:33.100  INFO macpk-wks-0172 --- [           main] o.s.w.c.ContextLoader                    : Root WebApplicationContext: initialization completed in 6628 ms
2020-01-28 01:02:33.312  WARN macpk-wks-0172 --- [           main] JpaBaseConfiguration$JpaWebConfiguration : spring.jpa.open-in-view is enabled by default. Therefore, database queries may be performed during view rendering. Explicitly configure spring.jpa.open-in-view to disable this warning
2020-01-28 01:02:33.856  INFO macpk-wks-0172 --- [           main] o.h.j.i.u.LogHelper                      : HHH000204: Processing PersistenceUnitInfo [name: default]
2020-01-28 01:02:34.151  INFO macpk-wks-0172 --- [           main] o.h.Version                              : HHH000412: Hibernate Core {5.4.9.Final}
2020-01-28 01:02:34.604  INFO macpk-wks-0172 --- [           main] o.h.a.c.Version                          : HCANN000001: Hibernate Commons Annotations {5.1.0.Final}
2020-01-28 01:02:35.218  INFO macpk-wks-0172 --- [           main] o.h.d.Dialect                            : HHH000400: Using dialect: org.hibernate.dialect.PostgreSQLDialect
2020-01-28 01:02:37.286  INFO macpk-wks-0172 --- [           main] c.z.h.HikariDataSource                   : HikariPool-1 - Starting...
2020-01-28 01:02:37.458  INFO macpk-wks-0172 --- [           main] c.z.h.HikariDataSource                   : HikariPool-1 - Start completed.
2020-01-28 01:02:38.229  INFO macpk-wks-0172 --- [           main] o.h.e.t.j.p.i.JtaPlatformInitiator       : HHH000490: Using JtaPlatform implementation: [org.hibernate.engine.transaction.jta.platform.internal.NoJtaPlatform]
2020-01-28 01:02:38.257  INFO macpk-wks-0172 --- [           main] j.LocalContainerEntityManagerFactoryBean : Initialized JPA EntityManagerFactory for persistence unit 'default'
2020-01-28 01:02:40.448 DEBUG macpk-wks-0172 --- [           main] c.b.a.f.TokenAuthenticationFilter        : Filter 'jwtAuthenticationTokenFilter' configured for use
2020-01-28 01:02:41.217  INFO macpk-wks-0172 --- [           main] pertySourcedRequestMappingHandlerMapping : Mapped URL path [/v2/api-docs] onto method [springfox.documentation.swagger2.web.Swagger2Controller#getDocumentation(String, HttpServletRequest)]
2020-01-28 01:02:41.766  INFO macpk-wks-0172 --- [           main] o.s.s.w.DefaultSecurityFilterChain       : Creating filter chain: any request, [org.springframework.security.web.context.request.async.WebAsyncManagerIntegrationFilter@141874c8, org.springframework.security.web.context.SecurityContextPersistenceFilter@5e6ad84c, org.springframework.security.web.header.HeaderWriterFilter@579cfcc4, org.springframework.web.filter.CorsFilter@147ea894, org.springframework.security.web.authentication.logout.LogoutFilter@7a8e484b, com.barco.auth.filter.TokenAuthenticationFilter@fbdba1c, org.springframework.security.web.savedrequest.RequestCacheAwareFilter@568e2d65, org.springframework.security.web.servletapi.SecurityContextHolderAwareRequestFilter@37f75ebf, org.springframework.security.web.authentication.AnonymousAuthenticationFilter@38aed8ad, org.springframework.security.web.session.SessionManagementFilter@34947355, org.springframework.security.web.access.ExceptionTranslationFilter@56e9126f, org.springframework.security.web.access.intercept.FilterSecurityInterceptor@361d169a]
2020-01-28 01:02:41.792  INFO macpk-wks-0172 --- [           main] c.b.c.c.CommonConfig                     : +================RestTemplate-Start====================+
2020-01-28 01:02:42.281  INFO macpk-wks-0172 --- [           main] c.b.c.c.CommonConfig                     : +================RestTemplate-End====================+
2020-01-28 01:02:42.310  INFO macpk-wks-0172 --- [           main] c.b.c.m.a.e.AsyncDALTaskExecutor         : >============AsyncDALTaskExecutor Start Successful============<
2020-01-28 01:02:42.314  INFO macpk-wks-0172 --- [           main] c.b.c.m.a.e.AsyncDALTaskExecutor         : >============AsyncDALTaskExecutor End Successful============<
2020-01-28 01:02:42.422  INFO macpk-wks-0172 --- [           main] o.s.s.c.ThreadPoolTaskExecutor           : Initializing ExecutorService 'applicationTaskExecutor'
2020-01-28 01:02:42.775  INFO macpk-wks-0172 --- [           main] d.s.w.p.DocumentationPluginsBootstrapper : Context refreshed
2020-01-28 01:02:42.822  INFO macpk-wks-0172 --- [           main] d.s.w.p.DocumentationPluginsBootstrapper : Found 1 custom documentation plugin(s)
2020-01-28 01:02:42.923  INFO macpk-wks-0172 --- [           main] s.d.s.w.s.ApiListingReferenceScanner     : Scanning for api listing references
2020-01-28 01:02:43.109  INFO macpk-wks-0172 --- [           main] o.a.c.h.Http11NioProtocol                : Starting ProtocolHandler ["http-nio-8085"]
2020-01-28 01:02:43.146  INFO macpk-wks-0172 --- [           main] o.s.b.w.e.t.TomcatWebServer              : Tomcat started on port(s): 8085 (http) with context path ''
2020-01-28 01:02:43.148  INFO macpk-wks-0172 --- [           main] c.b.a.AuthApplication                    : Started AuthApplication in 19.348 seconds (JVM running for 26.845)
2020-01-28 01:05:37.782  INFO macpk-wks-0172 --- [extShutdownHook] o.s.s.c.ThreadPoolTaskExecutor           : Shutting down ExecutorService 'applicationTaskExecutor'
2020-01-28 01:05:37.785  INFO macpk-wks-0172 --- [extShutdownHook] j.LocalContainerEntityManagerFactoryBean : Closing JPA EntityManagerFactory for persistence unit 'default'
2020-01-28 01:05:37.788  INFO macpk-wks-0172 --- [extShutdownHook] c.z.h.HikariDataSource                   : HikariPool-1 - Shutdown initiated...
2020-01-28 01:05:37.798  INFO macpk-wks-0172 --- [extShutdownHook] c.z.h.HikariDataSource                   : HikariPool-1 - Shutdown completed.
2020-01-28 01:07:21.802  INFO macpk-wks-0172 --- [           main] .b.t.c.SpringBootTestContextBootstrapper : Neither @ContextConfiguration nor @ContextHierarchy found for test class [com.barco.auth.AuthApplicationTests], using SpringBootContextLoader
2020-01-28 01:07:21.822  INFO macpk-wks-0172 --- [           main] o.s.t.c.s.AbstractContextLoader          : Could not detect default resource locations for test class [com.barco.auth.AuthApplicationTests]: no resource found for suffixes {-context.xml, Context.groovy}.
2020-01-28 01:07:21.824  INFO macpk-wks-0172 --- [           main] t.c.s.AnnotationConfigContextLoaderUtils : Could not detect default configuration classes for test class [com.barco.auth.AuthApplicationTests]: AuthApplicationTests does not declare any static, non-private, non-final, nested classes annotated with @Configuration.
2020-01-28 01:07:21.995  INFO macpk-wks-0172 --- [           main] .b.t.c.SpringBootTestContextBootstrapper : Found @SpringBootConfiguration com.barco.auth.AuthApplication for test class com.barco.auth.AuthApplicationTests
2020-01-28 01:07:22.148  INFO macpk-wks-0172 --- [           main] .b.t.c.SpringBootTestContextBootstrapper : Loaded default TestExecutionListener class names from location [META-INF/spring.factories]: [org.springframework.boot.test.mock.mockito.MockitoTestExecutionListener, org.springframework.boot.test.mock.mockito.ResetMocksTestExecutionListener, org.springframework.boot.test.autoconfigure.restdocs.RestDocsTestExecutionListener, org.springframework.boot.test.autoconfigure.web.client.MockRestServiceServerResetTestExecutionListener, org.springframework.boot.test.autoconfigure.web.servlet.MockMvcPrintOnlyOnFailureTestExecutionListener, org.springframework.boot.test.autoconfigure.web.servlet.WebDriverTestExecutionListener, org.springframework.test.context.web.ServletTestExecutionListener, org.springframework.test.context.support.DirtiesContextBeforeModesTestExecutionListener, org.springframework.test.context.support.DependencyInjectionTestExecutionListener, org.springframework.test.context.support.DirtiesContextTestExecutionListener, org.springframework.test.context.transaction.TransactionalTestExecutionListener, org.springframework.test.context.jdbc.SqlScriptsTestExecutionListener, org.springframework.test.context.event.EventPublishingTestExecutionListener]
2020-01-28 01:07:22.177  INFO macpk-wks-0172 --- [           main] .b.t.c.SpringBootTestContextBootstrapper : Using TestExecutionListeners: [org.springframework.test.context.web.ServletTestExecutionListener@256f8274, org.springframework.test.context.support.DirtiesContextBeforeModesTestExecutionListener@68044f4, org.springframework.boot.test.mock.mockito.MockitoTestExecutionListener@52d239ba, org.springframework.boot.test.autoconfigure.SpringBootDependencyInjectionTestExecutionListener@315f43d5, org.springframework.test.context.support.DirtiesContextTestExecutionListener@68fa0ba8, org.springframework.test.context.transaction.TransactionalTestExecutionListener@6c5945a7, org.springframework.test.context.jdbc.SqlScriptsTestExecutionListener@2f05be7f, org.springframework.test.context.event.EventPublishingTestExecutionListener@640f11a1, org.springframework.boot.test.mock.mockito.ResetMocksTestExecutionListener@5c10f1c3, org.springframework.boot.test.autoconfigure.restdocs.RestDocsTestExecutionListener@7ac2e39b, org.springframework.boot.test.autoconfigure.web.client.MockRestServiceServerResetTestExecutionListener@78365cfa, org.springframework.boot.test.autoconfigure.web.servlet.MockMvcPrintOnlyOnFailureTestExecutionListener@64a8c844, org.springframework.boot.test.autoconfigure.web.servlet.WebDriverTestExecutionListener@3f6db3fb]
2020-01-28 01:07:22.659  INFO macpk-wks-0172 --- [           main] c.b.a.AuthApplicationTests               : Starting AuthApplicationTests on macpk-wks-0172 with PID 351240 (started by Nabeel.Ahmed in C:\Users\Nabeel.Ahmed\Desktop\barco\auth)
2020-01-28 01:07:22.664 DEBUG macpk-wks-0172 --- [           main] c.b.a.AuthApplicationTests               : Running with Spring Boot v2.2.2.RELEASE, Spring v5.2.2.RELEASE
2020-01-28 01:07:22.665  INFO macpk-wks-0172 --- [           main] c.b.a.AuthApplicationTests               : No active profile set, falling back to default profiles: default
2020-01-28 01:07:24.286  INFO macpk-wks-0172 --- [           main] .s.d.r.c.RepositoryConfigurationDelegate : Bootstrapping Spring Data JPA repositories in DEFAULT mode.
2020-01-28 01:07:24.470  INFO macpk-wks-0172 --- [           main] .s.d.r.c.RepositoryConfigurationDelegate : Finished Spring Data repository scanning in 169ms. Found 5 JPA repository interfaces.
2020-01-28 01:07:25.205  INFO macpk-wks-0172 --- [           main] trationDelegate$BeanPostProcessorChecker : Bean 'org.springframework.transaction.annotation.ProxyTransactionManagementConfiguration' of type [org.springframework.transaction.annotation.ProxyTransactionManagementConfiguration] is not eligible for getting processed by all BeanPostProcessors (for example: not eligible for auto-proxying)
2020-01-28 01:07:25.273  INFO macpk-wks-0172 --- [           main] trationDelegate$BeanPostProcessorChecker : Bean 'org.springframework.security.config.annotation.configuration.ObjectPostProcessorConfiguration' of type [org.springframework.security.config.annotation.configuration.ObjectPostProcessorConfiguration] is not eligible for getting processed by all BeanPostProcessors (for example: not eligible for auto-proxying)
2020-01-28 01:07:25.284  INFO macpk-wks-0172 --- [           main] trationDelegate$BeanPostProcessorChecker : Bean 'objectPostProcessor' of type [org.springframework.security.config.annotation.configuration.AutowireBeanFactoryObjectPostProcessor] is not eligible for getting processed by all BeanPostProcessors (for example: not eligible for auto-proxying)
2020-01-28 01:07:25.286  INFO macpk-wks-0172 --- [           main] trationDelegate$BeanPostProcessorChecker : Bean 'org.springframework.security.access.expression.method.DefaultMethodSecurityExpressionHandler@f0a66bd' of type [org.springframework.security.access.expression.method.DefaultMethodSecurityExpressionHandler] is not eligible for getting processed by all BeanPostProcessors (for example: not eligible for auto-proxying)
2020-01-28 01:07:25.302  INFO macpk-wks-0172 --- [           main] trationDelegate$BeanPostProcessorChecker : Bean 'org.springframework.security.config.annotation.method.configuration.GlobalMethodSecurityConfiguration' of type [org.springframework.security.config.annotation.method.configuration.GlobalMethodSecurityConfiguration] is not eligible for getting processed by all BeanPostProcessors (for example: not eligible for auto-proxying)
2020-01-28 01:07:25.317  INFO macpk-wks-0172 --- [           main] trationDelegate$BeanPostProcessorChecker : Bean 'methodSecurityMetadataSource' of type [org.springframework.security.access.method.DelegatingMethodSecurityMetadataSource] is not eligible for getting processed by all BeanPostProcessors (for example: not eligible for auto-proxying)
2020-01-28 01:07:25.681  INFO macpk-wks-0172 --- [           main] o.h.j.i.u.LogHelper                      : HHH000204: Processing PersistenceUnitInfo [name: default]
2020-01-28 01:07:25.793  INFO macpk-wks-0172 --- [           main] o.h.Version                              : HHH000412: Hibernate Core {5.4.9.Final}
2020-01-28 01:07:26.044  INFO macpk-wks-0172 --- [           main] o.h.a.c.Version                          : HCANN000001: Hibernate Commons Annotations {5.1.0.Final}
2020-01-28 01:07:26.209  INFO macpk-wks-0172 --- [           main] o.h.d.Dialect                            : HHH000400: Using dialect: org.hibernate.dialect.PostgreSQLDialect
2020-01-28 01:07:27.201  INFO macpk-wks-0172 --- [           main] c.z.h.HikariDataSource                   : HikariPool-1 - Starting...
2020-01-28 01:07:27.501  INFO macpk-wks-0172 --- [           main] c.z.h.HikariDataSource                   : HikariPool-1 - Start completed.
2020-01-28 01:07:27.749  INFO macpk-wks-0172 --- [           main] o.h.e.t.j.p.i.JtaPlatformInitiator       : HHH000490: Using JtaPlatform implementation: [org.hibernate.engine.transaction.jta.platform.internal.NoJtaPlatform]
2020-01-28 01:07:27.761  INFO macpk-wks-0172 --- [           main] j.LocalContainerEntityManagerFactoryBean : Initialized JPA EntityManagerFactory for persistence unit 'default'
2020-01-28 01:07:28.982  WARN macpk-wks-0172 --- [           main] JpaBaseConfiguration$JpaWebConfiguration : spring.jpa.open-in-view is enabled by default. Therefore, database queries may be performed during view rendering. Explicitly configure spring.jpa.open-in-view to disable this warning
2020-01-28 01:07:29.928  INFO macpk-wks-0172 --- [           main] pertySourcedRequestMappingHandlerMapping : Mapped URL path [/v2/api-docs] onto method [springfox.documentation.swagger2.web.Swagger2Controller#getDocumentation(String, HttpServletRequest)]
2020-01-28 01:07:30.598  INFO macpk-wks-0172 --- [           main] o.s.s.w.DefaultSecurityFilterChain       : Creating filter chain: any request, [org.springframework.security.web.context.request.async.WebAsyncManagerIntegrationFilter@208185c0, org.springframework.security.web.context.SecurityContextPersistenceFilter@14624acc, org.springframework.security.web.header.HeaderWriterFilter@60cc20e1, org.springframework.web.filter.CorsFilter@1831447c, org.springframework.security.web.authentication.logout.LogoutFilter@299ea986, com.barco.auth.filter.TokenAuthenticationFilter@12a9e864, org.springframework.security.web.savedrequest.RequestCacheAwareFilter@f453129, org.springframework.security.web.servletapi.SecurityContextHolderAwareRequestFilter@61d150af, org.springframework.security.web.authentication.AnonymousAuthenticationFilter@7741507c, org.springframework.security.web.session.SessionManagementFilter@1c22642d, org.springframework.security.web.access.ExceptionTranslationFilter@3d5f08d4, org.springframework.security.web.access.intercept.FilterSecurityInterceptor@13866865]
2020-01-28 01:07:30.656  INFO macpk-wks-0172 --- [           main] c.b.c.c.CommonConfig                     : +================RestTemplate-Start====================+
2020-01-28 01:07:30.887  INFO macpk-wks-0172 --- [           main] c.b.c.c.CommonConfig                     : +================RestTemplate-End====================+
2020-01-28 01:07:30.914  INFO macpk-wks-0172 --- [           main] c.b.c.m.a.e.AsyncDALTaskExecutor         : >============AsyncDALTaskExecutor Start Successful============<
2020-01-28 01:07:30.916  INFO macpk-wks-0172 --- [           main] c.b.c.m.a.e.AsyncDALTaskExecutor         : >============AsyncDALTaskExecutor End Successful============<
2020-01-28 01:07:31.267  INFO macpk-wks-0172 --- [           main] o.s.s.c.ThreadPoolTaskExecutor           : Initializing ExecutorService 'applicationTaskExecutor'
2020-01-28 01:07:31.722  INFO macpk-wks-0172 --- [           main] d.s.w.p.DocumentationPluginsBootstrapper : Context refreshed
2020-01-28 01:07:31.763  INFO macpk-wks-0172 --- [           main] d.s.w.p.DocumentationPluginsBootstrapper : Found 1 custom documentation plugin(s)
2020-01-28 01:07:31.818  INFO macpk-wks-0172 --- [           main] s.d.s.w.s.ApiListingReferenceScanner     : Scanning for api listing references
2020-01-28 01:07:31.993  INFO macpk-wks-0172 --- [           main] c.b.a.AuthApplicationTests               : Started AuthApplicationTests in 9.75 seconds (JVM running for 12.417)
2020-01-28 01:07:32.222  INFO macpk-wks-0172 --- [extShutdownHook] o.s.s.c.ThreadPoolTaskExecutor           : Shutting down ExecutorService 'applicationTaskExecutor'
2020-01-28 01:07:32.230  INFO macpk-wks-0172 --- [extShutdownHook] j.LocalContainerEntityManagerFactoryBean : Closing JPA EntityManagerFactory for persistence unit 'default'
2020-01-28 01:07:32.234  INFO macpk-wks-0172 --- [extShutdownHook] c.z.h.HikariDataSource                   : HikariPool-1 - Shutdown initiated...
2020-01-28 01:07:32.245  INFO macpk-wks-0172 --- [extShutdownHook] c.z.h.HikariDataSource                   : HikariPool-1 - Shutdown completed.
