2020-01-27 11:41:56.143  INFO macpk-wks-0172 --- [           main] c.b.a.AuthApplication                    : Starting AuthApplication on macpk-wks-0172 with PID 224508 (C:\Users\Nabeel.Ahmed\Desktop\barco\auth\target\classes started by Nabeel.Ahmed in C:\Users\Nabeel.Ahmed\Desktop\barco\auth)
2020-01-27 11:41:56.162 DEBUG macpk-wks-0172 --- [           main] c.b.a.AuthApplication                    : Running with Spring Boot v2.2.2.RELEASE, Spring v5.2.2.RELEASE
2020-01-27 11:41:56.164  INFO macpk-wks-0172 --- [           main] c.b.a.AuthApplication                    : No active profile set, falling back to default profiles: default
2020-01-27 11:42:00.469  INFO macpk-wks-0172 --- [           main] .s.d.r.c.RepositoryConfigurationDelegate : Bootstrapping Spring Data JPA repositories in DEFAULT mode.
2020-01-27 11:42:00.852  INFO macpk-wks-0172 --- [           main] .s.d.r.c.RepositoryConfigurationDelegate : Finished Spring Data repository scanning in 364ms. Found 5 JPA repository interfaces.
2020-01-27 11:42:01.978  INFO macpk-wks-0172 --- [           main] trationDelegate$BeanPostProcessorChecker : Bean 'org.springframework.transaction.annotation.ProxyTransactionManagementConfiguration' of type [org.springframework.transaction.annotation.ProxyTransactionManagementConfiguration] is not eligible for getting processed by all BeanPostProcessors (for example: not eligible for auto-proxying)
2020-01-27 11:42:02.221  INFO macpk-wks-0172 --- [           main] trationDelegate$BeanPostProcessorChecker : Bean 'org.springframework.security.config.annotation.configuration.ObjectPostProcessorConfiguration' of type [org.springframework.security.config.annotation.configuration.ObjectPostProcessorConfiguration] is not eligible for getting processed by all BeanPostProcessors (for example: not eligible for auto-proxying)
2020-01-27 11:42:02.233  INFO macpk-wks-0172 --- [           main] trationDelegate$BeanPostProcessorChecker : Bean 'objectPostProcessor' of type [org.springframework.security.config.annotation.configuration.AutowireBeanFactoryObjectPostProcessor] is not eligible for getting processed by all BeanPostProcessors (for example: not eligible for auto-proxying)
2020-01-27 11:42:02.236  INFO macpk-wks-0172 --- [           main] trationDelegate$BeanPostProcessorChecker : Bean 'org.springframework.security.access.expression.method.DefaultMethodSecurityExpressionHandler@40e32762' of type [org.springframework.security.access.expression.method.DefaultMethodSecurityExpressionHandler] is not eligible for getting processed by all BeanPostProcessors (for example: not eligible for auto-proxying)
2020-01-27 11:42:02.240  INFO macpk-wks-0172 --- [           main] trationDelegate$BeanPostProcessorChecker : Bean 'org.springframework.security.config.annotation.method.configuration.GlobalMethodSecurityConfiguration' of type [org.springframework.security.config.annotation.method.configuration.GlobalMethodSecurityConfiguration] is not eligible for getting processed by all BeanPostProcessors (for example: not eligible for auto-proxying)
2020-01-27 11:42:02.247  INFO macpk-wks-0172 --- [           main] trationDelegate$BeanPostProcessorChecker : Bean 'methodSecurityMetadataSource' of type [org.springframework.security.access.method.DelegatingMethodSecurityMetadataSource] is not eligible for getting processed by all BeanPostProcessors (for example: not eligible for auto-proxying)
2020-01-27 11:42:02.961  INFO macpk-wks-0172 --- [           main] o.s.b.w.e.t.TomcatWebServer              : Tomcat initialized with port(s): 8085 (http)
2020-01-27 11:42:03.102  INFO macpk-wks-0172 --- [           main] o.a.c.h.Http11NioProtocol                : Initializing ProtocolHandler ["http-nio-8085"]
2020-01-27 11:42:03.104  INFO macpk-wks-0172 --- [           main] o.a.c.c.StandardService                  : Starting service [Tomcat]
2020-01-27 11:42:03.106  INFO macpk-wks-0172 --- [           main] o.a.c.c.StandardEngine                   : Starting Servlet engine: [Apache Tomcat/9.0.29]
2020-01-27 11:42:03.566  INFO macpk-wks-0172 --- [           main] o.a.c.c.C.[.[.[/]                        : Initializing Spring embedded WebApplicationContext
2020-01-27 11:42:03.567  INFO macpk-wks-0172 --- [           main] o.s.w.c.ContextLoader                    : Root WebApplicationContext: initialization completed in 6890 ms
2020-01-27 11:42:03.737  WARN macpk-wks-0172 --- [           main] JpaBaseConfiguration$JpaWebConfiguration : spring.jpa.open-in-view is enabled by default. Therefore, database queries may be performed during view rendering. Explicitly configure spring.jpa.open-in-view to disable this warning
2020-01-27 11:42:04.201  INFO macpk-wks-0172 --- [           main] o.h.j.i.u.LogHelper                      : HHH000204: Processing PersistenceUnitInfo [name: default]
2020-01-27 11:42:04.644  INFO macpk-wks-0172 --- [           main] o.h.Version                              : HHH000412: Hibernate Core {5.4.9.Final}
2020-01-27 11:42:06.037  INFO macpk-wks-0172 --- [           main] o.h.a.c.Version                          : HCANN000001: Hibernate Commons Annotations {5.1.0.Final}
2020-01-27 11:42:06.852  INFO macpk-wks-0172 --- [           main] o.h.d.Dialect                            : HHH000400: Using dialect: org.hibernate.dialect.PostgreSQLDialect
2020-01-27 11:42:11.569  INFO macpk-wks-0172 --- [           main] c.z.h.HikariDataSource                   : HikariPool-1 - Starting...
2020-01-27 11:42:14.257  INFO macpk-wks-0172 --- [           main] c.z.h.HikariDataSource                   : HikariPool-1 - Start completed.
2020-01-27 11:42:15.530  INFO macpk-wks-0172 --- [           main] o.h.e.t.j.p.i.JtaPlatformInitiator       : HHH000490: Using JtaPlatform implementation: [org.hibernate.engine.transaction.jta.platform.internal.NoJtaPlatform]
2020-01-27 11:42:15.543  INFO macpk-wks-0172 --- [           main] j.LocalContainerEntityManagerFactoryBean : Initialized JPA EntityManagerFactory for persistence unit 'default'
2020-01-27 11:42:17.869 DEBUG macpk-wks-0172 --- [           main] c.b.a.f.TokenAuthenticationFilter        : Filter 'jwtAuthenticationTokenFilter' configured for use
2020-01-27 11:42:19.314  INFO macpk-wks-0172 --- [           main] pertySourcedRequestMappingHandlerMapping : Mapped URL path [/v2/api-docs] onto method [springfox.documentation.swagger2.web.Swagger2Controller#getDocumentation(String, HttpServletRequest)]
2020-01-27 11:42:19.965  INFO macpk-wks-0172 --- [           main] o.s.s.w.DefaultSecurityFilterChain       : Creating filter chain: any request, [org.springframework.security.web.context.request.async.WebAsyncManagerIntegrationFilter@189e96af, org.springframework.security.web.context.SecurityContextPersistenceFilter@442310fd, org.springframework.security.web.header.HeaderWriterFilter@2c224096, org.springframework.web.filter.CorsFilter@45b6c666, org.springframework.security.web.authentication.logout.LogoutFilter@33837bd4, com.barco.auth.filter.TokenAuthenticationFilter@5e055ce1, org.springframework.security.web.savedrequest.RequestCacheAwareFilter@3ca6bd01, org.springframework.security.web.servletapi.SecurityContextHolderAwareRequestFilter@4ae5ddc0, org.springframework.security.web.authentication.AnonymousAuthenticationFilter@60e80279, org.springframework.security.web.session.SessionManagementFilter@4bceac99, org.springframework.security.web.access.ExceptionTranslationFilter@37665305, org.springframework.security.web.access.intercept.FilterSecurityInterceptor@27d5eb00]
2020-01-27 11:42:20.005  INFO macpk-wks-0172 --- [           main] c.b.c.c.CommonConfig                     : +================RestTemplate-Start====================+
2020-01-27 11:42:21.038  INFO macpk-wks-0172 --- [           main] c.b.c.c.CommonConfig                     : +================RestTemplate-End====================+
2020-01-27 11:42:21.061  INFO macpk-wks-0172 --- [           main] c.b.c.m.a.e.AsyncDALTaskExecutor         : >============AsyncDALTaskExecutor Start Successful============<
2020-01-27 11:42:21.063  INFO macpk-wks-0172 --- [           main] c.b.c.m.a.e.AsyncDALTaskExecutor         : >============AsyncDALTaskExecutor End Successful============<
2020-01-27 11:42:21.147  INFO macpk-wks-0172 --- [           main] o.s.s.c.ThreadPoolTaskExecutor           : Initializing ExecutorService 'applicationTaskExecutor'
2020-01-27 11:42:21.562  INFO macpk-wks-0172 --- [           main] d.s.w.p.DocumentationPluginsBootstrapper : Context refreshed
2020-01-27 11:42:21.611  INFO macpk-wks-0172 --- [           main] d.s.w.p.DocumentationPluginsBootstrapper : Found 1 custom documentation plugin(s)
2020-01-27 11:42:21.713  INFO macpk-wks-0172 --- [           main] s.d.s.w.s.ApiListingReferenceScanner     : Scanning for api listing references
2020-01-27 11:42:21.931  INFO macpk-wks-0172 --- [           main] o.a.c.h.Http11NioProtocol                : Starting ProtocolHandler ["http-nio-8085"]
2020-01-27 11:42:21.973  INFO macpk-wks-0172 --- [           main] o.s.b.w.e.t.TomcatWebServer              : Tomcat started on port(s): 8085 (http) with context path ''
2020-01-27 11:42:21.977  INFO macpk-wks-0172 --- [           main] c.b.a.AuthApplication                    : Started AuthApplication in 28.033 seconds (JVM running for 36.386)
2020-01-27 11:42:38.861  INFO macpk-wks-0172 --- [nio-8085-exec-1] o.a.c.c.C.[.[.[/]                        : Initializing Spring DispatcherServlet 'dispatcherServlet'
2020-01-27 11:42:38.862  INFO macpk-wks-0172 --- [nio-8085-exec-1] o.s.w.s.DispatcherServlet                : Initializing Servlet 'dispatcherServlet'
2020-01-27 11:42:38.879  INFO macpk-wks-0172 --- [nio-8085-exec-1] o.s.w.s.DispatcherServlet                : Completed initialization in 17 ms
2020-01-27 11:42:40.560  INFO macpk-wks-0172 --- [nio-8085-exec-1] c.b.a.a.AuthRestApi                      : User Found In Db With Id 1.
2020-01-27 11:42:41.660  INFO macpk-wks-0172 --- [nio-8085-exec-1] c.b.m.s.NotificationClientService        : Finding Notification By MemberId {} .1
2020-01-27 11:42:41.720 DEBUG macpk-wks-0172 --- [nio-8085-exec-1] c.b.a.a.AuthRestApi                      : createAuthenticationToken : {
"username":"nabeel.amd93@gmail.com",
"password":"123"
}
2020-01-27 11:42:41.720  INFO macpk-wks-0172 --- [nio-8085-exec-1] c.b.a.a.AuthRestApi                      : Api-Response Time :- 2517
2020-01-27 11:45:24.405  INFO macpk-wks-0172 --- [nio-8085-exec-3] c.b.a.a.AuthRestApi                      : User Found In Db With Id 1.
2020-01-27 11:45:24.407  INFO macpk-wks-0172 --- [nio-8085-exec-3] c.b.m.s.NotificationClientService        : Finding Notification By MemberId {} .1
2020-01-27 11:45:24.409 DEBUG macpk-wks-0172 --- [nio-8085-exec-3] c.b.a.a.AuthRestApi                      : createAuthenticationToken : {
"username":"nabeel.amd93@gmail.com",
"password":"123"
}
2020-01-27 11:45:24.409  INFO macpk-wks-0172 --- [nio-8085-exec-3] c.b.a.a.AuthRestApi                      : Api-Response Time :- 15
2020-01-27 11:45:25.595  INFO macpk-wks-0172 --- [nio-8085-exec-4] c.b.a.a.AuthRestApi                      : User Found In Db With Id 1.
2020-01-27 11:45:25.596  INFO macpk-wks-0172 --- [nio-8085-exec-4] c.b.m.s.NotificationClientService        : Finding Notification By MemberId {} .1
2020-01-27 11:45:25.598 DEBUG macpk-wks-0172 --- [nio-8085-exec-4] c.b.a.a.AuthRestApi                      : createAuthenticationToken : {
"username":"nabeel.amd93@gmail.com",
"password":"123"
}
2020-01-27 11:45:25.599  INFO macpk-wks-0172 --- [nio-8085-exec-4] c.b.a.a.AuthRestApi                      : Api-Response Time :- 10
2020-01-27 11:45:26.692  INFO macpk-wks-0172 --- [nio-8085-exec-5] c.b.a.a.AuthRestApi                      : User Found In Db With Id 1.
2020-01-27 11:45:26.693  INFO macpk-wks-0172 --- [nio-8085-exec-5] c.b.m.s.NotificationClientService        : Finding Notification By MemberId {} .1
2020-01-27 11:45:26.695 DEBUG macpk-wks-0172 --- [nio-8085-exec-5] c.b.a.a.AuthRestApi                      : createAuthenticationToken : {
"username":"nabeel.amd93@gmail.com",
"password":"123"
}
2020-01-27 11:45:26.695  INFO macpk-wks-0172 --- [nio-8085-exec-5] c.b.a.a.AuthRestApi                      : Api-Response Time :- 12
2020-01-27 11:45:27.580  INFO macpk-wks-0172 --- [nio-8085-exec-6] c.b.a.a.AuthRestApi                      : User Found In Db With Id 1.
2020-01-27 11:45:27.581  INFO macpk-wks-0172 --- [nio-8085-exec-6] c.b.m.s.NotificationClientService        : Finding Notification By MemberId {} .1
2020-01-27 11:45:27.583 DEBUG macpk-wks-0172 --- [nio-8085-exec-6] c.b.a.a.AuthRestApi                      : createAuthenticationToken : {
"username":"nabeel.amd93@gmail.com",
"password":"123"
}
2020-01-27 11:45:27.584  INFO macpk-wks-0172 --- [nio-8085-exec-6] c.b.a.a.AuthRestApi                      : Api-Response Time :- 14
2020-01-27 11:45:28.514  INFO macpk-wks-0172 --- [nio-8085-exec-7] c.b.a.a.AuthRestApi                      : User Found In Db With Id 1.
2020-01-27 11:45:28.515  INFO macpk-wks-0172 --- [nio-8085-exec-7] c.b.m.s.NotificationClientService        : Finding Notification By MemberId {} .1
2020-01-27 11:45:28.516 DEBUG macpk-wks-0172 --- [nio-8085-exec-7] c.b.a.a.AuthRestApi                      : createAuthenticationToken : {
"username":"nabeel.amd93@gmail.com",
"password":"123"
}
2020-01-27 11:45:28.517  INFO macpk-wks-0172 --- [nio-8085-exec-7] c.b.a.a.AuthRestApi                      : Api-Response Time :- 10
2020-01-27 11:45:29.413  INFO macpk-wks-0172 --- [nio-8085-exec-8] c.b.a.a.AuthRestApi                      : User Found In Db With Id 1.
2020-01-27 11:45:29.414  INFO macpk-wks-0172 --- [nio-8085-exec-8] c.b.m.s.NotificationClientService        : Finding Notification By MemberId {} .1
2020-01-27 11:45:29.415 DEBUG macpk-wks-0172 --- [nio-8085-exec-8] c.b.a.a.AuthRestApi                      : createAuthenticationToken : {
"username":"nabeel.amd93@gmail.com",
"password":"123"
}
2020-01-27 11:45:29.415  INFO macpk-wks-0172 --- [nio-8085-exec-8] c.b.a.a.AuthRestApi                      : Api-Response Time :- 8
2020-01-27 11:45:30.287  INFO macpk-wks-0172 --- [nio-8085-exec-9] c.b.a.a.AuthRestApi                      : User Found In Db With Id 1.
2020-01-27 11:45:30.288  INFO macpk-wks-0172 --- [nio-8085-exec-9] c.b.m.s.NotificationClientService        : Finding Notification By MemberId {} .1
2020-01-27 11:45:30.290 DEBUG macpk-wks-0172 --- [nio-8085-exec-9] c.b.a.a.AuthRestApi                      : createAuthenticationToken : {
"username":"nabeel.amd93@gmail.com",
"password":"123"
}
2020-01-27 11:45:30.290  INFO macpk-wks-0172 --- [nio-8085-exec-9] c.b.a.a.AuthRestApi                      : Api-Response Time :- 10
2020-01-27 11:45:31.233  INFO macpk-wks-0172 --- [io-8085-exec-10] c.b.a.a.AuthRestApi                      : User Found In Db With Id 1.
2020-01-27 11:45:31.235  INFO macpk-wks-0172 --- [io-8085-exec-10] c.b.m.s.NotificationClientService        : Finding Notification By MemberId {} .1
2020-01-27 11:45:31.237 DEBUG macpk-wks-0172 --- [io-8085-exec-10] c.b.a.a.AuthRestApi                      : createAuthenticationToken : {
"username":"nabeel.amd93@gmail.com",
"password":"123"
}
2020-01-27 11:45:31.237  INFO macpk-wks-0172 --- [io-8085-exec-10] c.b.a.a.AuthRestApi                      : Api-Response Time :- 12
2020-01-27 11:45:32.121  INFO macpk-wks-0172 --- [nio-8085-exec-1] c.b.a.a.AuthRestApi                      : User Found In Db With Id 1.
2020-01-27 11:45:32.122  INFO macpk-wks-0172 --- [nio-8085-exec-1] c.b.m.s.NotificationClientService        : Finding Notification By MemberId {} .1
2020-01-27 11:45:32.124 DEBUG macpk-wks-0172 --- [nio-8085-exec-1] c.b.a.a.AuthRestApi                      : createAuthenticationToken : {
"username":"nabeel.amd93@gmail.com",
"password":"123"
}
2020-01-27 11:45:32.124  INFO macpk-wks-0172 --- [nio-8085-exec-1] c.b.a.a.AuthRestApi                      : Api-Response Time :- 10
2020-01-27 11:45:33.010  INFO macpk-wks-0172 --- [nio-8085-exec-2] c.b.a.a.AuthRestApi                      : User Found In Db With Id 1.
2020-01-27 11:45:33.012  INFO macpk-wks-0172 --- [nio-8085-exec-2] c.b.m.s.NotificationClientService        : Finding Notification By MemberId {} .1
2020-01-27 11:45:33.014 DEBUG macpk-wks-0172 --- [nio-8085-exec-2] c.b.a.a.AuthRestApi                      : createAuthenticationToken : {
"username":"nabeel.amd93@gmail.com",
"password":"123"
}
2020-01-27 11:45:33.014  INFO macpk-wks-0172 --- [nio-8085-exec-2] c.b.a.a.AuthRestApi                      : Api-Response Time :- 11
2020-01-27 11:45:33.662  INFO macpk-wks-0172 --- [nio-8085-exec-3] c.b.a.a.AuthRestApi                      : User Found In Db With Id 1.
2020-01-27 11:45:33.663  INFO macpk-wks-0172 --- [nio-8085-exec-3] c.b.m.s.NotificationClientService        : Finding Notification By MemberId {} .1
2020-01-27 11:45:33.665 DEBUG macpk-wks-0172 --- [nio-8085-exec-3] c.b.a.a.AuthRestApi                      : createAuthenticationToken : {
"username":"nabeel.amd93@gmail.com",
"password":"123"
}
2020-01-27 11:45:33.665  INFO macpk-wks-0172 --- [nio-8085-exec-3] c.b.a.a.AuthRestApi                      : Api-Response Time :- 10
2020-01-27 11:45:34.664  INFO macpk-wks-0172 --- [nio-8085-exec-4] c.b.a.a.AuthRestApi                      : User Found In Db With Id 1.
2020-01-27 11:45:34.666  INFO macpk-wks-0172 --- [nio-8085-exec-4] c.b.m.s.NotificationClientService        : Finding Notification By MemberId {} .1
2020-01-27 11:45:34.668 DEBUG macpk-wks-0172 --- [nio-8085-exec-4] c.b.a.a.AuthRestApi                      : createAuthenticationToken : {
"username":"nabeel.amd93@gmail.com",
"password":"123"
}
2020-01-27 11:45:34.668  INFO macpk-wks-0172 --- [nio-8085-exec-4] c.b.a.a.AuthRestApi                      : Api-Response Time :- 11
2020-01-27 11:45:35.244  INFO macpk-wks-0172 --- [nio-8085-exec-5] c.b.a.a.AuthRestApi                      : User Found In Db With Id 1.
2020-01-27 11:45:35.245  INFO macpk-wks-0172 --- [nio-8085-exec-5] c.b.m.s.NotificationClientService        : Finding Notification By MemberId {} .1
2020-01-27 11:45:35.246 DEBUG macpk-wks-0172 --- [nio-8085-exec-5] c.b.a.a.AuthRestApi                      : createAuthenticationToken : {
"username":"nabeel.amd93@gmail.com",
"password":"123"
}
2020-01-27 11:45:35.246  INFO macpk-wks-0172 --- [nio-8085-exec-5] c.b.a.a.AuthRestApi                      : Api-Response Time :- 7
2020-01-27 11:45:35.854  INFO macpk-wks-0172 --- [nio-8085-exec-6] c.b.a.a.AuthRestApi                      : User Found In Db With Id 1.
2020-01-27 11:45:35.854  INFO macpk-wks-0172 --- [nio-8085-exec-6] c.b.m.s.NotificationClientService        : Finding Notification By MemberId {} .1
2020-01-27 11:45:35.856 DEBUG macpk-wks-0172 --- [nio-8085-exec-6] c.b.a.a.AuthRestApi                      : createAuthenticationToken : {
"username":"nabeel.amd93@gmail.com",
"password":"123"
}
2020-01-27 11:45:35.856  INFO macpk-wks-0172 --- [nio-8085-exec-6] c.b.a.a.AuthRestApi                      : Api-Response Time :- 10
2020-01-27 11:45:37.022  INFO macpk-wks-0172 --- [nio-8085-exec-7] c.b.a.a.AuthRestApi                      : User Found In Db With Id 1.
2020-01-27 11:45:37.023  INFO macpk-wks-0172 --- [nio-8085-exec-7] c.b.m.s.NotificationClientService        : Finding Notification By MemberId {} .1
2020-01-27 11:45:37.025 DEBUG macpk-wks-0172 --- [nio-8085-exec-7] c.b.a.a.AuthRestApi                      : createAuthenticationToken : {
"username":"nabeel.amd93@gmail.com",
"password":"123"
}
2020-01-27 11:45:37.025  INFO macpk-wks-0172 --- [nio-8085-exec-7] c.b.a.a.AuthRestApi                      : Api-Response Time :- 10
2020-01-27 11:47:21.063  INFO macpk-wks-0172 --- [        Timer-0] c.b.c.m.a.e.AsyncDALTaskExecutor         : AsyncDAL Active No Threads: 0 Core no of Threads: 20 Current no of threads: 0 current Queue Size: 0 Max allowed Threads: 50
